
> cashback-tracker@0.1.0 build
> next build

  ▲ Next.js 14.2.14
  - Environments: .env

   Creating an optimized production build ...
 ⚠ Compiled with warnings

./node_modules/bcryptjs/dist/bcrypt.js
A Node.js API is used (process.nextTick at line: 351) which is not supported in the Edge Runtime.
Learn more: https://nextjs.org/docs/api-reference/edge-runtime

Import trace for requested module:
./node_modules/bcryptjs/dist/bcrypt.js
./auth.ts

./node_modules/bcryptjs/dist/bcrypt.js
A Node.js API is used (setImmediate at line: 352) which is not supported in the Edge Runtime.
Learn more: https://nextjs.org/docs/api-reference/edge-runtime

Import trace for requested module:
./node_modules/bcryptjs/dist/bcrypt.js
./auth.ts

./node_modules/bcryptjs/dist/bcrypt.js
A Node.js API is used (setImmediate at line: 352) which is not supported in the Edge Runtime.
Learn more: https://nextjs.org/docs/api-reference/edge-runtime

Import trace for requested module:
./node_modules/bcryptjs/dist/bcrypt.js
./auth.ts

./node_modules/bcryptjs/dist/bcrypt.js
A Node.js API is used (process.nextTick at line: 352) which is not supported in the Edge Runtime.
Learn more: https://nextjs.org/docs/api-reference/edge-runtime

Import trace for requested module:
./node_modules/bcryptjs/dist/bcrypt.js
./auth.ts

 ✓ Compiled successfully
   Linting and checking validity of types ...
   Collecting page data ...
   Generating static pages (0/6) ...
   Generating static pages (1/6) 
   Generating static pages (2/6) 
   Generating static pages (4/6) 
 ✓ Generating static pages (6/6)
   Finalizing page optimization ...
   Collecting build traces ...

Route (app)                              Size     First Load JS
┌ ○ /                                    138 B          87.3 kB
├ ○ /_not-found                          873 B            88 kB
├ ƒ /api/auth/[...nextauth]              0 B                0 B
├ ○ /login                               1.14 kB        95.1 kB
└ ○ /register                            1.16 kB        95.2 kB
+ First Load JS shared by all            87.1 kB
  ├ chunks/117-0e4a8904fad0a454.js       31.6 kB
  ├ chunks/fd9d1056-7d9b70e9456442b8.js  53.6 kB
  └ other shared chunks (total)          1.89 kB


ƒ Middleware                             101 kB

○  (Static)   prerendered as static content
ƒ  (Dynamic)  server-rendered on demand

